sendmoney/build/intermediates/manifest_merge_blame_file/debug/manifest-merger-blame-debug-report.txt
1<?xml version="1.0" encoding="utf-8"?>
2<manifest xmlns:android="http://schemas.android.com/apk/res/android"
3    xmlns:tools="http://schemas.android.com/tools"
4    package="co.yap.sendmoney"
5    android:versionCode="1"
6    android:versionName="1.0" >
7
8    <uses-sdk
9        android:minSdkVersion="23"
9-->src/main/AndroidManifest.xml
10        android:targetSdkVersion="28" />
10-->src/main/AndroidManifest.xml
11
12    <!-- will remove it after segregation -->
13    <uses-permission
13-->src/main/AndroidManifest.xml:6:5-8:47
14        android:name="android.permission.WRITE_EXTERNAL_STORAGE"
14-->src/main/AndroidManifest.xml:7:9-65
15        android:protectionLevel="signature" />
15-->src/main/AndroidManifest.xml:8:9-44
16    <uses-permission
16-->src/main/AndroidManifest.xml:9:5-11:47
17        android:name="android.permission.READ_EXTERNAL_STORAGE"
17-->src/main/AndroidManifest.xml:10:9-64
18        android:protectionLevel="signature" />
18-->src/main/AndroidManifest.xml:11:9-44
19    <uses-permission
19-->src/main/AndroidManifest.xml:12:5-14:47
20        android:name="android.permission.READ_CONTACTS"
20-->src/main/AndroidManifest.xml:13:9-56
21        android:protectionLevel="signature" />
21-->src/main/AndroidManifest.xml:14:9-44
22    <uses-permission android:name="android.permission.WAKE_LOCK" />
22-->src/main/AndroidManifest.xml:16:5-68
22-->src/main/AndroidManifest.xml:16:22-65
23
24    <uses-feature
24-->src/main/AndroidManifest.xml:18:5-20:35
25        android:name="android.hardware.camera"
25-->src/main/AndroidManifest.xml:19:9-47
26        android:required="true" />
26-->src/main/AndroidManifest.xml:20:9-32
27
28    <uses-permission android:name="android.permission.ACCESS_WIFI_STATE" />
28-->src/main/AndroidManifest.xml:22:5-76
28-->src/main/AndroidManifest.xml:22:22-73
29    <uses-permission android:name="android.permission.INTERNET" />
29-->src/main/AndroidManifest.xml:23:5-67
29-->src/main/AndroidManifest.xml:23:22-64
30
31    <application
31-->src/main/AndroidManifest.xml:25:5-56:19
32        android:allowBackup="false"
32-->src/main/AndroidManifest.xml:26:9-36
33        tools:remove="android:debuggable"
33-->src/main/AndroidManifest.xml:27:9-42
34        tools:replace="android:allowBackup" >
34-->src/main/AndroidManifest.xml:28:9-44
35        <meta-data
35-->src/main/AndroidManifest.xml:30:9-32:55
36            android:name="com.google.android.geo.API_KEY"
36-->src/main/AndroidManifest.xml:31:13-58
37            android:value="@string/google_maps_key" />
37-->src/main/AndroidManifest.xml:32:13-52
38
39        <activity
39-->src/main/AndroidManifest.xml:34:9-39:20
40            android:name="co.yap.sendMoney.activities.SendMoneyHomeActivity"
40-->src/main/AndroidManifest.xml:35:13-77
41            android:screenOrientation="portrait"
41-->src/main/AndroidManifest.xml:36:13-49
42            android:windowSoftInputMode="adjustResize" >
42-->src/main/AndroidManifest.xml:37:13-55
43            <nav-graph android:value="@navigation/send_money_main_navigation" />
43-->src/main/AndroidManifest.xml:38:13-81
43-->src/main/AndroidManifest.xml:38:24-78
44        </activity>
45
46        <!-- Send Money Edit Beneficiary -->
47        <activity
47-->src/main/AndroidManifest.xml:42:9-44:52
48            android:name="co.yap.sendMoney.editbeneficiary.activity.EditBeneficiaryActivity"
48-->src/main/AndroidManifest.xml:43:13-93
49            android:screenOrientation="portrait" />
49-->src/main/AndroidManifest.xml:44:13-49
50
51        <!-- Update Flag to hide keyboard -->
52        <activity
52-->src/main/AndroidManifest.xml:47:9-50:57
53            android:name="co.yap.sendMoney.fundtransfer.activities.BeneficiaryFundTransferActivity"
53-->src/main/AndroidManifest.xml:48:13-100
54            android:screenOrientation="portrait"
54-->src/main/AndroidManifest.xml:49:13-49
55            android:windowSoftInputMode="stateHidden" />
55-->src/main/AndroidManifest.xml:50:13-54
56        <activity
56-->src/main/AndroidManifest.xml:52:9-55:63
57            android:name="co.yap.sendMoney.home.activities.SendMoneyLandingActivity"
57-->src/main/AndroidManifest.xml:53:13-85
58            android:screenOrientation="portrait"
58-->src/main/AndroidManifest.xml:54:13-49
59            android:windowSoftInputMode="stateAlwaysHidden" />
59-->src/main/AndroidManifest.xml:55:13-60
60    </application>
61
62</manifest>